<?xml version="1.0" encoding="UTF-8"?>
<!-- Generated by org.testng.reporters.JUnitReportReporter -->
<testsuite hostname="DESKTOP-3VE1FM1" failures="0" tests="1" name="test.LoginTest" time="6.561" errors="0" timestamp="2025-05-20T23:09:53 ICT" skipped="0">
  <testcase classname="test.LoginTest" name="testValidLogin" time="6.561"/>
</testsuite> <!-- test.LoginTest -->
